<?xml version="1.0" encoding="UTF-8"?>
<testng-results ignored="0" total="1" passed="1" failed="0" skipped="0">
  <reporter-output>
  </reporter-output>
  <suite started-at="2022-11-30T15:06:42 IST" name="Default suite" finished-at="2022-11-30T15:07:04 IST" duration-ms="22793">
    <groups>
    </groups>
    <test started-at="2022-11-30T15:06:42 IST" name="Default test" finished-at="2022-11-30T15:07:04 IST" duration-ms="22793">
      <class name="com.rmgYantra.parameters.QueryParaameterTest">
        <test-method signature="queryParaameterTest()[pri:0, instance:com.rmgYantra.parameters.QueryParaameterTest@47af7f3d]" started-at="2022-11-30T15:06:42 IST" name="queryParaameterTest" finished-at="2022-11-30T15:07:04 IST" duration-ms="22717" status="PASS">
          <reporter-output>
          </reporter-output>
        </test-method> <!-- queryParaameterTest -->
      </class> <!-- com.rmgYantra.parameters.QueryParaameterTest -->
    </test> <!-- Default test -->
  </suite> <!-- Default suite -->
</testng-results>
